Determining if the pthread_create exist failed with the following output:
Change Dir: /home/betnoa/midterm_ws/build/CMakeFiles/CMakeTmp

Run Build Command:"/usr/bin/make" "cmTC_65fed/fast"
/usr/bin/make -f CMakeFiles/cmTC_65fed.dir/build.make CMakeFiles/cmTC_65fed.dir/build
make[1]: se entra en el directorio '/home/betnoa/midterm_ws/build/CMakeFiles/CMakeTmp'
Building C object CMakeFiles/cmTC_65fed.dir/CheckSymbolExists.c.o
/usr/bin/cc    -o CMakeFiles/cmTC_65fed.dir/CheckSymbolExists.c.o   -c /home/betnoa/midterm_ws/build/CMakeFiles/CMakeTmp/CheckSymbolExists.c
Linking C executable cmTC_65fed
/usr/bin/cmake -E cmake_link_script CMakeFiles/cmTC_65fed.dir/link.txt --verbose=1
/usr/bin/cc      -rdynamic CMakeFiles/cmTC_65fed.dir/CheckSymbolExists.c.o  -o cmTC_65fed 
CMakeFiles/cmTC_65fed.dir/CheckSymbolExists.c.o: En la función `main':
CheckSymbolExists.c:(.text+0x1b): referencia a `pthread_create' sin definir
collect2: error: ld returned 1 exit status
CMakeFiles/cmTC_65fed.dir/build.make:97: fallo en las instrucciones para el objetivo 'cmTC_65fed'
make[1]: *** [cmTC_65fed] Error 1
make[1]: se sale del directorio '/home/betnoa/midterm_ws/build/CMakeFiles/CMakeTmp'
Makefile:126: fallo en las instrucciones para el objetivo 'cmTC_65fed/fast'
make: *** [cmTC_65fed/fast] Error 2

File /home/betnoa/midterm_ws/build/CMakeFiles/CMakeTmp/CheckSymbolExists.c:
/* */
#include <pthread.h>

int main(int argc, char** argv)
{
  (void)argv;
#ifndef pthread_create
  return ((int*)(&pthread_create))[argc];
#else
  (void)argc;
  return 0;
#endif
}

Determining if the function pthread_create exists in the pthreads failed with the following output:
Change Dir: /home/betnoa/midterm_ws/build/CMakeFiles/CMakeTmp

Run Build Command:"/usr/bin/make" "cmTC_c31ca/fast"
/usr/bin/make -f CMakeFiles/cmTC_c31ca.dir/build.make CMakeFiles/cmTC_c31ca.dir/build
make[1]: se entra en el directorio '/home/betnoa/midterm_ws/build/CMakeFiles/CMakeTmp'
Building C object CMakeFiles/cmTC_c31ca.dir/CheckFunctionExists.c.o
/usr/bin/cc   -DCHECK_FUNCTION_EXISTS=pthread_create   -o CMakeFiles/cmTC_c31ca.dir/CheckFunctionExists.c.o   -c /usr/share/cmake-3.10/Modules/CheckFunctionExists.c
Linking C executable cmTC_c31ca
/usr/bin/cmake -E cmake_link_script CMakeFiles/cmTC_c31ca.dir/link.txt --verbose=1
/usr/bin/cc  -DCHECK_FUNCTION_EXISTS=pthread_create    -rdynamic CMakeFiles/cmTC_c31ca.dir/CheckFunctionExists.c.o  -o cmTC_c31ca -lpthreads 
/usr/bin/ld: no se puede encontrar -lpthreads
collect2: error: ld returned 1 exit status
CMakeFiles/cmTC_c31ca.dir/build.make:97: fallo en las instrucciones para el objetivo 'cmTC_c31ca'
make[1]: *** [cmTC_c31ca] Error 1
make[1]: se sale del directorio '/home/betnoa/midterm_ws/build/CMakeFiles/CMakeTmp'
Makefile:126: fallo en las instrucciones para el objetivo 'cmTC_c31ca/fast'
make: *** [cmTC_c31ca/fast] Error 2


